<?xml version="1.0" encoding="UTF-8"?>
<!-- Generated by org.testng.reporters.JUnitReportReporter -->
<testsuite hostname="MOHAMMAD" failures="0" tests="4" name="AutomationTestStore.TestStore" time="12.407" errors="0" timestamp="2025-09-15T19:25:17 EET" skipped="3">
  <testcase classname="AutomationTestStore.TestStore" name="AddItems" time="12.407"/>
  <testcase classname="AutomationTestStore.TestStore" name="SignUpTest">
    <skipped/>
  </testcase> <!-- SignUpTest -->
  <testcase classname="AutomationTestStore.TestStore" name="logOutTest">
    <skipped/>
  </testcase> <!-- logOutTest -->
  <testcase classname="AutomationTestStore.TestStore" name="LogIn">
    <skipped/>
  </testcase> <!-- LogIn -->
</testsuite> <!-- AutomationTestStore.TestStore -->
