<?xml version="1.0" encoding="UTF-8"?>
<!-- Generated by org.testng.reporters.JUnitReportReporter -->
<testsuite hostname="MOHAMMAD" failures="0" tests="3" name="AutomationTestStore.TestStore" time="28.862" errors="0" timestamp="2025-09-11T22:02:43 EET" skipped="0">
  <testcase classname="AutomationTestStore.TestStore" name="SignUpTest" time="18.544"/>
  <testcase classname="AutomationTestStore.TestStore" name="logOutTest" time="3.944"/>
  <testcase classname="AutomationTestStore.TestStore" name="logIn" time="6.374"/>
</testsuite> <!-- AutomationTestStore.TestStore -->
